[2023-12-10T16:40:50.698+0000] {taskinstance.py:1157} INFO - Dependencies all met for dep_context=non-requeueable deps ti=<TaskInstance: project.missing_value manual__2023-12-10T16:40:49.813104+00:00 [queued]>
[2023-12-10T16:40:50.703+0000] {taskinstance.py:1157} INFO - Dependencies all met for dep_context=requeueable deps ti=<TaskInstance: project.missing_value manual__2023-12-10T16:40:49.813104+00:00 [queued]>
[2023-12-10T16:40:50.704+0000] {taskinstance.py:1359} INFO - Starting attempt 1 of 2
[2023-12-10T16:40:50.710+0000] {taskinstance.py:1380} INFO - Executing <Task(PythonOperator): missing_value> on 2023-12-10 16:40:49.813104+00:00
[2023-12-10T16:40:50.714+0000] {standard_task_runner.py:57} INFO - Started process 569 to run task
[2023-12-10T16:40:50.718+0000] {standard_task_runner.py:84} INFO - Running: ['***', 'tasks', 'run', 'project', 'missing_value', 'manual__2023-12-10T16:40:49.813104+00:00', '--job-id', '11', '--raw', '--subdir', 'DAGS_FOLDER/etl_dag.py', '--cfg-path', '/tmp/tmpemvuhj_9']
[2023-12-10T16:40:50.720+0000] {standard_task_runner.py:85} INFO - Job 11: Subtask missing_value
[2023-12-10T16:40:50.762+0000] {task_command.py:415} INFO - Running <TaskInstance: project.missing_value manual__2023-12-10T16:40:49.813104+00:00 [running]> on host 3e7bdbe00a58
[2023-12-10T16:40:50.824+0000] {taskinstance.py:1660} INFO - Exporting env vars: AIRFLOW_CTX_DAG_EMAIL='sourabhmehta06@gmail.com' AIRFLOW_CTX_DAG_OWNER='sourabh' AIRFLOW_CTX_DAG_ID='project' AIRFLOW_CTX_TASK_ID='missing_value' AIRFLOW_CTX_EXECUTION_DATE='2023-12-10T16:40:49.813104+00:00' AIRFLOW_CTX_TRY_NUMBER='1' AIRFLOW_CTX_DAG_RUN_ID='manual__2023-12-10T16:40:49.813104+00:00'
[2023-12-10T16:40:51.017+0000] {logging_mixin.py:151} INFO - Index(['Name', 'Style', 'Brewery', 'Beer Name (Full)', 'Description', 'ABV',
       'Min IBU', 'Max IBU', 'Astringency', 'Body', 'Alcohol', 'Bitter',
       'Sweet', 'Sour', 'Salty', 'Fruits', 'Hoppy', 'Spices', 'Malty',
       'review_aroma', 'review_appearance', 'review_palate', 'review_taste',
       'review_overall', 'number_of_reviews'],
      dtype='object')
[2023-12-10T16:40:51.021+0000] {logging_mixin.py:151} INFO - Name                 0.0
Style                0.0
Brewery              0.0
Beer Name (Full)     0.0
Description          0.0
ABV                  0.0
Min IBU              0.0
Max IBU              0.0
Astringency          0.0
Body                 0.0
Alcohol              0.0
Bitter               0.0
Sweet                0.0
Sour                 0.0
Salty                0.0
Fruits               0.0
Hoppy                0.0
Spices               0.0
Malty                0.0
review_aroma         0.0
review_appearance    0.0
review_palate        0.0
review_taste         0.0
review_overall       0.0
number_of_reviews    0.0
dtype: float64
[2023-12-10T16:40:51.155+0000] {python.py:194} INFO - Done. Returned value was: None
[2023-12-10T16:40:51.165+0000] {taskinstance.py:1398} INFO - Marking task as SUCCESS. dag_id=project, task_id=missing_value, execution_date=20231210T164049, start_date=20231210T164050, end_date=20231210T164051
[2023-12-10T16:40:51.215+0000] {local_task_job_runner.py:228} INFO - Task exited with return code 0
[2023-12-10T16:40:51.230+0000] {taskinstance.py:2776} INFO - 1 downstream tasks scheduled from follow-on schedule check
